Determining if the Q_WS_WIN exist failed with the following output:
Change Dir: /home/bigbot/cg/CMakeFiles/CMakeTmp

Run Build Command:/usr/bin/make "cmTryCompileExec24393469/fast"
/usr/bin/make -f CMakeFiles/cmTryCompileExec24393469.dir/build.make CMakeFiles/cmTryCompileExec24393469.dir/build
make[1]: Entering directory `/home/bigbot/cg/CMakeFiles/CMakeTmp'
/usr/bin/cmake -E cmake_progress_report /home/bigbot/cg/CMakeFiles/CMakeTmp/CMakeFiles 1
Building CXX object CMakeFiles/cmTryCompileExec24393469.dir/CheckSymbolExists.cxx.o
/usr/bin/c++    -std=c++11 -Wall   -I/usr/include/qt4    -o CMakeFiles/cmTryCompileExec24393469.dir/CheckSymbolExists.cxx.o -c /home/bigbot/cg/CMakeFiles/CMakeTmp/CheckSymbolExists.cxx
/home/bigbot/cg/CMakeFiles/CMakeTmp/CheckSymbolExists.cxx: In function ‘int main(int, char**)’:
/home/bigbot/cg/CMakeFiles/CMakeTmp/CheckSymbolExists.cxx:8:19: error: ‘Q_WS_WIN’ was not declared in this scope
make[1]: *** [CMakeFiles/cmTryCompileExec24393469.dir/CheckSymbolExists.cxx.o] Error 1
make[1]: Leaving directory `/home/bigbot/cg/CMakeFiles/CMakeTmp'
make: *** [cmTryCompileExec24393469/fast] Error 2

File /home/bigbot/cg/CMakeFiles/CMakeTmp/CheckSymbolExists.cxx:
/* */
#include <QtCore/qglobal.h>

int main(int argc, char** argv)
{
  (void)argv;
#ifndef Q_WS_WIN
  return ((int*)(&Q_WS_WIN))[argc];
#else
  (void)argc;
  return 0;
#endif
}

Determining if the Q_WS_QWS exist failed with the following output:
Change Dir: /home/bigbot/cg/CMakeFiles/CMakeTmp

Run Build Command:/usr/bin/make "cmTryCompileExec2810384312/fast"
/usr/bin/make -f CMakeFiles/cmTryCompileExec2810384312.dir/build.make CMakeFiles/cmTryCompileExec2810384312.dir/build
make[1]: Entering directory `/home/bigbot/cg/CMakeFiles/CMakeTmp'
/usr/bin/cmake -E cmake_progress_report /home/bigbot/cg/CMakeFiles/CMakeTmp/CMakeFiles 1
Building CXX object CMakeFiles/cmTryCompileExec2810384312.dir/CheckSymbolExists.cxx.o
/usr/bin/c++    -std=c++11 -Wall   -I/usr/include/qt4    -o CMakeFiles/cmTryCompileExec2810384312.dir/CheckSymbolExists.cxx.o -c /home/bigbot/cg/CMakeFiles/CMakeTmp/CheckSymbolExists.cxx
/home/bigbot/cg/CMakeFiles/CMakeTmp/CheckSymbolExists.cxx: In function ‘int main(int, char**)’:
/home/bigbot/cg/CMakeFiles/CMakeTmp/CheckSymbolExists.cxx:8:19: error: ‘Q_WS_QWS’ was not declared in this scope
make[1]: *** [CMakeFiles/cmTryCompileExec2810384312.dir/CheckSymbolExists.cxx.o] Error 1
make[1]: Leaving directory `/home/bigbot/cg/CMakeFiles/CMakeTmp'
make: *** [cmTryCompileExec2810384312/fast] Error 2

File /home/bigbot/cg/CMakeFiles/CMakeTmp/CheckSymbolExists.cxx:
/* */
#include <QtCore/qglobal.h>

int main(int argc, char** argv)
{
  (void)argv;
#ifndef Q_WS_QWS
  return ((int*)(&Q_WS_QWS))[argc];
#else
  (void)argc;
  return 0;
#endif
}

Determining if the Q_WS_MAC exist failed with the following output:
Change Dir: /home/bigbot/cg/CMakeFiles/CMakeTmp

Run Build Command:/usr/bin/make "cmTryCompileExec1975941276/fast"
/usr/bin/make -f CMakeFiles/cmTryCompileExec1975941276.dir/build.make CMakeFiles/cmTryCompileExec1975941276.dir/build
make[1]: Entering directory `/home/bigbot/cg/CMakeFiles/CMakeTmp'
/usr/bin/cmake -E cmake_progress_report /home/bigbot/cg/CMakeFiles/CMakeTmp/CMakeFiles 1
Building CXX object CMakeFiles/cmTryCompileExec1975941276.dir/CheckSymbolExists.cxx.o
/usr/bin/c++    -std=c++11 -Wall   -I/usr/include/qt4    -o CMakeFiles/cmTryCompileExec1975941276.dir/CheckSymbolExists.cxx.o -c /home/bigbot/cg/CMakeFiles/CMakeTmp/CheckSymbolExists.cxx
/home/bigbot/cg/CMakeFiles/CMakeTmp/CheckSymbolExists.cxx: In function ‘int main(int, char**)’:
/home/bigbot/cg/CMakeFiles/CMakeTmp/CheckSymbolExists.cxx:8:19: error: ‘Q_WS_MAC’ was not declared in this scope
make[1]: *** [CMakeFiles/cmTryCompileExec1975941276.dir/CheckSymbolExists.cxx.o] Error 1
make[1]: Leaving directory `/home/bigbot/cg/CMakeFiles/CMakeTmp'
make: *** [cmTryCompileExec1975941276/fast] Error 2

File /home/bigbot/cg/CMakeFiles/CMakeTmp/CheckSymbolExists.cxx:
/* */
#include <QtCore/qglobal.h>

int main(int argc, char** argv)
{
  (void)argv;
#ifndef Q_WS_MAC
  return ((int*)(&Q_WS_MAC))[argc];
#else
  (void)argc;
  return 0;
#endif
}

